C:\USERS\DONTWORRY\DOCUMENTS\VISUAL STUDIO 2012\PROJECTS\CONSOLEAPPLICATION1\CONSOLEAPPLICATION1\DEBUG\BOUND.OBJ
C:\USERS\DONTWORRY\DOCUMENTS\VISUAL STUDIO 2012\PROJECTS\CONSOLEAPPLICATION1\CONSOLEAPPLICATION1\DEBUG\ENTITY.OBJ
C:\USERS\DONTWORRY\DOCUMENTS\VISUAL STUDIO 2012\PROJECTS\CONSOLEAPPLICATION1\CONSOLEAPPLICATION1\DEBUG\MAIN.OBJ
C:\USERS\DONTWORRY\DOCUMENTS\VISUAL STUDIO 2012\PROJECTS\CONSOLEAPPLICATION1\CONSOLEAPPLICATION1\DEBUG\STAGE.OBJ
C:\USERS\DONTWORRY\DOCUMENTS\VISUAL STUDIO 2012\PROJECTS\CONSOLEAPPLICATION1\CONSOLEAPPLICATION1\DEBUG\VC110.PDB
C:\Users\dontworry\Documents\Visual Studio 2012\Projects\ConsoleApplication1\ConsoleApplication1\Debug\Bound.obj
C:\Users\dontworry\Documents\Visual Studio 2012\Projects\ConsoleApplication1\ConsoleApplication1\Debug\Entity.obj
C:\Users\dontworry\Documents\Visual Studio 2012\Projects\ConsoleApplication1\ConsoleApplication1\Debug\Stage.obj
C:\Users\dontworry\Documents\Visual Studio 2012\Projects\ConsoleApplication1\ConsoleApplication1\Debug\cl.command.1.tlog
C:\Users\dontworry\Documents\Visual Studio 2012\Projects\ConsoleApplication1\ConsoleApplication1\Debug\CL.read.1.tlog
C:\Users\dontworry\Documents\Visual Studio 2012\Projects\ConsoleApplication1\ConsoleApplication1\Debug\CL.write.1.tlog
C:\Users\dontworry\Documents\Visual Studio 2012\Projects\ConsoleApplication1\ConsoleApplication1\Debug\link-cvtres.read.1.tlog
C:\Users\dontworry\Documents\Visual Studio 2012\Projects\ConsoleApplication1\ConsoleApplication1\Debug\link-cvtres.write.1.tlog
C:\Users\dontworry\Documents\Visual Studio 2012\Projects\ConsoleApplication1\ConsoleApplication1\Debug\link-rc.read.1.tlog
C:\Users\dontworry\Documents\Visual Studio 2012\Projects\ConsoleApplication1\ConsoleApplication1\Debug\link-rc.write.1.tlog
C:\Users\dontworry\Documents\Visual Studio 2012\Projects\ConsoleApplication1\ConsoleApplication1\Debug\link.command.1.tlog
C:\Users\dontworry\Documents\Visual Studio 2012\Projects\ConsoleApplication1\ConsoleApplication1\Debug\link.read.1.tlog
C:\Users\dontworry\Documents\Visual Studio 2012\Projects\ConsoleApplication1\ConsoleApplication1\Debug\link.write.1.tlog
C:\Users\dontworry\Documents\Visual Studio 2012\Projects\ConsoleApplication1\ConsoleApplication1\Debug\vc110.idb
C:\Users\dontworry\Documents\Visual Studio 2012\Projects\ConsoleApplication1\ConsoleApplication1\Debug\vc110.pdb
C:\Users\dontworry\Documents\Visual Studio 2012\Projects\ConsoleApplication1\Debug\ConsoleApplication1.pdb
